2017-12-20 11:40:25 INFO [com.xiangshangban.organization.OrganizationApplication]: 启动成功
  2017-12-20 11:42:20 INFO [com.xiangshangban.organization.controller.EmployeeController]: java.lang.NullPointerException
  2017-12-20 11:46:33 INFO [com.xiangshangban.organization.OrganizationApplication]: 启动成功
  2017-12-20 11:48:08 INFO [com.xiangshangban.organization.OrganizationApplication]: 启动成功
  2017-12-20 12:03:11 INFO [com.xiangshangban.organization.OrganizationApplication]: 启动成功
  2017-12-20 12:03:39 INFO [com.xiangshangban.organization.service.EmployeeServiceImpl]: 设备访问成功null
  2017-12-20 13:00:01 INFO [com.xiangshangban.organization.OrganizationApplication]: 启动成功
  2017-12-20 13:01:02 INFO [com.xiangshangban.organization.service.EmployeeServiceImpl]: 设备访问成功null
  2017-12-20 13:01:04 INFO [com.xiangshangban.organization.service.EmployeeServiceImpl]: 设备访问成功null
  2017-12-20 13:01:06 INFO [com.xiangshangban.organization.service.EmployeeServiceImpl]: 设备访问成功null
  2017-12-20 13:01:08 INFO [com.xiangshangban.organization.service.EmployeeServiceImpl]: 设备访问成功null
  2017-12-20 13:01:11 INFO [com.xiangshangban.organization.service.EmployeeServiceImpl]: 设备访问成功null
  2017-12-20 13:01:13 INFO [com.xiangshangban.organization.service.EmployeeServiceImpl]: 设备访问成功null
  2017-12-20 13:01:15 INFO [com.xiangshangban.organization.service.EmployeeServiceImpl]: 设备访问成功null
  2017-12-20 13:01:18 INFO [com.xiangshangban.organization.service.EmployeeServiceImpl]: 设备访问成功null
  2017-12-20 13:01:20 INFO [com.xiangshangban.organization.service.EmployeeServiceImpl]: 设备访问成功null
  2017-12-20 13:01:22 INFO [com.xiangshangban.organization.service.EmployeeServiceImpl]: 设备访问成功null
  2017-12-20 13:01:25 INFO [com.xiangshangban.organization.service.EmployeeServiceImpl]: 设备访问成功null
  2017-12-20 13:01:27 INFO [com.xiangshangban.organization.service.EmployeeServiceImpl]: 设备访问成功null
  2017-12-20 13:01:29 INFO [com.xiangshangban.organization.service.EmployeeServiceImpl]: 设备访问成功null
  2017-12-20 13:01:31 INFO [com.xiangshangban.organization.service.EmployeeServiceImpl]: 设备访问成功null
  2017-12-20 13:01:34 INFO [com.xiangshangban.organization.service.EmployeeServiceImpl]: 设备访问成功null
  2017-12-20 13:01:36 INFO [com.xiangshangban.organization.service.EmployeeServiceImpl]: 设备访问成功null
  2017-12-20 13:01:38 INFO [com.xiangshangban.organization.service.EmployeeServiceImpl]: 设备访问成功null
  2017-12-20 13:01:40 INFO [com.xiangshangban.organization.service.EmployeeServiceImpl]: 设备访问成功null
  2017-12-20 13:01:42 INFO [com.xiangshangban.organization.service.EmployeeServiceImpl]: 设备访问成功null
  2017-12-20 13:01:45 INFO [com.xiangshangban.organization.service.EmployeeServiceImpl]: 设备访问成功null
  2017-12-20 13:01:47 INFO [com.xiangshangban.organization.service.EmployeeServiceImpl]: 设备访问成功null
  2017-12-20 13:01:49 INFO [com.xiangshangban.organization.service.EmployeeServiceImpl]: 设备访问成功null
  2017-12-20 13:01:51 INFO [com.xiangshangban.organization.service.EmployeeServiceImpl]: 设备访问成功null
  2017-12-20 13:01:53 INFO [com.xiangshangban.organization.service.EmployeeServiceImpl]: 设备访问成功null
  2017-12-20 13:01:56 INFO [com.xiangshangban.organization.service.EmployeeServiceImpl]: 设备访问成功null
  2017-12-20 13:01:58 INFO [com.xiangshangban.organization.service.EmployeeServiceImpl]: 设备访问成功null
  2017-12-20 13:02:00 INFO [com.xiangshangban.organization.service.EmployeeServiceImpl]: 设备访问成功null
  2017-12-20 13:02:02 INFO [com.xiangshangban.organization.service.EmployeeServiceImpl]: 设备访问成功null
  2017-12-20 13:02:04 INFO [com.xiangshangban.organization.service.EmployeeServiceImpl]: 设备访问成功null
  2017-12-20 13:02:07 INFO [com.xiangshangban.organization.service.EmployeeServiceImpl]: 设备访问成功null
  2017-12-20 13:02:09 INFO [com.xiangshangban.organization.service.EmployeeServiceImpl]: 设备访问成功null
  2017-12-20 13:02:11 INFO [com.xiangshangban.organization.service.EmployeeServiceImpl]: 设备访问成功null
  2017-12-20 13:02:13 INFO [com.xiangshangban.organization.service.EmployeeServiceImpl]: 设备访问成功null
  2017-12-20 13:02:16 INFO [com.xiangshangban.organization.service.EmployeeServiceImpl]: 设备访问成功null
  2017-12-20 13:02:18 INFO [com.xiangshangban.organization.service.EmployeeServiceImpl]: 设备访问成功null
  2017-12-20 13:02:20 INFO [com.xiangshangban.organization.service.EmployeeServiceImpl]: 设备访问成功null
  2017-12-20 13:02:22 INFO [com.xiangshangban.organization.service.EmployeeServiceImpl]: 设备访问成功null
  2017-12-20 13:02:24 INFO [com.xiangshangban.organization.service.EmployeeServiceImpl]: 设备访问成功null
  2017-12-20 13:02:26 INFO [com.xiangshangban.organization.service.EmployeeServiceImpl]: 设备访问成功null
  2017-12-20 13:02:29 INFO [com.xiangshangban.organization.service.EmployeeServiceImpl]: 设备访问成功null
  2017-12-20 13:02:31 INFO [com.xiangshangban.organization.service.EmployeeServiceImpl]: 设备访问成功null
  2017-12-20 13:02:33 INFO [com.xiangshangban.organization.service.EmployeeServiceImpl]: 设备访问成功null
  2017-12-20 13:02:35 INFO [com.xiangshangban.organization.service.EmployeeServiceImpl]: 设备访问成功null
  2017-12-20 13:02:37 INFO [com.xiangshangban.organization.service.EmployeeServiceImpl]: 设备访问成功null
  2017-12-20 13:02:40 INFO [com.xiangshangban.organization.service.EmployeeServiceImpl]: 设备访问成功null
  2017-12-20 13:02:42 INFO [com.xiangshangban.organization.service.EmployeeServiceImpl]: 设备访问成功null
  2017-12-20 13:02:44 INFO [com.xiangshangban.organization.service.EmployeeServiceImpl]: 设备访问成功null
  2017-12-20 13:02:46 INFO [com.xiangshangban.organization.service.EmployeeServiceImpl]: 设备访问成功null
  2017-12-20 13:02:48 INFO [com.xiangshangban.organization.service.EmployeeServiceImpl]: 设备访问成功null
  2017-12-20 13:02:50 INFO [com.xiangshangban.organization.service.EmployeeServiceImpl]: 设备访问成功null
  2017-12-20 13:02:53 INFO [com.xiangshangban.organization.service.EmployeeServiceImpl]: 设备访问成功null
  2017-12-20 13:02:55 INFO [com.xiangshangban.organization.service.EmployeeServiceImpl]: 设备访问成功null
  2017-12-20 13:02:57 INFO [com.xiangshangban.organization.service.EmployeeServiceImpl]: 设备访问成功null
  2017-12-20 13:02:59 INFO [com.xiangshangban.organization.service.EmployeeServiceImpl]: 设备访问成功null
  2017-12-20 13:03:01 INFO [com.xiangshangban.organization.service.EmployeeServiceImpl]: 设备访问成功null
  2017-12-20 13:03:04 INFO [com.xiangshangban.organization.service.EmployeeServiceImpl]: 设备访问成功null
  2017-12-20 13:03:06 INFO [com.xiangshangban.organization.service.EmployeeServiceImpl]: 设备访问成功null
  2017-12-20 13:03:08 INFO [com.xiangshangban.organization.service.EmployeeServiceImpl]: 设备访问成功null
  2017-12-20 13:03:10 INFO [com.xiangshangban.organization.service.EmployeeServiceImpl]: 设备访问成功null
  2017-12-20 13:03:12 INFO [com.xiangshangban.organization.service.EmployeeServiceImpl]: 设备访问成功null
  2017-12-20 13:03:15 INFO [com.xiangshangban.organization.service.EmployeeServiceImpl]: 设备访问成功null
  2017-12-20 13:03:17 INFO [com.xiangshangban.organization.service.EmployeeServiceImpl]: 设备访问成功null
  2017-12-20 13:03:19 INFO [com.xiangshangban.organization.service.EmployeeServiceImpl]: 设备访问成功null
  2017-12-20 13:03:21 INFO [com.xiangshangban.organization.service.EmployeeServiceImpl]: 设备访问成功null
  2017-12-20 13:03:23 INFO [com.xiangshangban.organization.service.EmployeeServiceImpl]: 设备访问成功null
  2017-12-20 13:03:25 INFO [com.xiangshangban.organization.service.EmployeeServiceImpl]: 设备访问成功null
  2017-12-20 13:03:28 INFO [com.xiangshangban.organization.service.EmployeeServiceImpl]: 设备访问成功null
  2017-12-20 13:03:30 INFO [com.xiangshangban.organization.service.EmployeeServiceImpl]: 设备访问成功null
  2017-12-20 13:03:32 INFO [com.xiangshangban.organization.service.EmployeeServiceImpl]: 设备访问成功null
  2017-12-20 13:03:34 INFO [com.xiangshangban.organization.service.EmployeeServiceImpl]: 设备访问成功null
  2017-12-20 13:03:36 INFO [com.xiangshangban.organization.service.EmployeeServiceImpl]: 设备访问成功null
  2017-12-20 13:03:39 INFO [com.xiangshangban.organization.service.EmployeeServiceImpl]: 设备访问成功null
  2017-12-20 13:03:41 INFO [com.xiangshangban.organization.service.EmployeeServiceImpl]: 设备访问成功null
  2017-12-20 13:03:44 INFO [com.xiangshangban.organization.service.EmployeeServiceImpl]: 设备访问成功null
  2017-12-20 13:03:46 INFO [com.xiangshangban.organization.service.EmployeeServiceImpl]: 设备访问成功null
  2017-12-20 13:03:48 INFO [com.xiangshangban.organization.service.EmployeeServiceImpl]: 设备访问成功null
  2017-12-20 13:03:50 INFO [com.xiangshangban.organization.service.EmployeeServiceImpl]: 设备访问成功null
  2017-12-20 13:03:52 INFO [com.xiangshangban.organization.service.EmployeeServiceImpl]: 设备访问成功null
  2017-12-20 13:03:55 INFO [com.xiangshangban.organization.service.EmployeeServiceImpl]: 设备访问成功null
  2017-12-20 13:03:57 INFO [com.xiangshangban.organization.service.EmployeeServiceImpl]: 设备访问成功null
  2017-12-20 13:03:59 INFO [com.xiangshangban.organization.service.EmployeeServiceImpl]: 设备访问成功null
  2017-12-20 13:04:01 INFO [com.xiangshangban.organization.service.EmployeeServiceImpl]: 设备访问成功null
  2017-12-20 13:04:03 INFO [com.xiangshangban.organization.service.EmployeeServiceImpl]: 设备访问成功null
  2017-12-20 13:04:05 INFO [com.xiangshangban.organization.service.EmployeeServiceImpl]: 设备访问成功null
  2017-12-20 13:04:07 INFO [com.xiangshangban.organization.service.EmployeeServiceImpl]: 设备访问成功null
  2017-12-20 13:04:10 INFO [com.xiangshangban.organization.service.EmployeeServiceImpl]: 设备访问成功null
  2017-12-20 13:04:12 INFO [com.xiangshangban.organization.service.EmployeeServiceImpl]: 设备访问成功null
  2017-12-20 13:04:14 INFO [com.xiangshangban.organization.service.EmployeeServiceImpl]: 设备访问成功null
  2017-12-20 13:04:16 INFO [com.xiangshangban.organization.service.EmployeeServiceImpl]: 设备访问成功null
  2017-12-20 13:04:18 INFO [com.xiangshangban.organization.service.EmployeeServiceImpl]: 设备访问成功null
  2017-12-20 13:04:21 INFO [com.xiangshangban.organization.service.EmployeeServiceImpl]: 设备访问成功null
  2017-12-20 13:04:23 INFO [com.xiangshangban.organization.service.EmployeeServiceImpl]: 设备访问成功null
  2017-12-20 13:04:25 INFO [com.xiangshangban.organization.service.EmployeeServiceImpl]: 设备访问成功null
  2017-12-20 13:04:27 INFO [com.xiangshangban.organization.service.EmployeeServiceImpl]: 设备访问成功null
  2017-12-20 13:04:29 INFO [com.xiangshangban.organization.service.EmployeeServiceImpl]: 设备访问成功null
  2017-12-20 13:04:31 INFO [com.xiangshangban.organization.service.EmployeeServiceImpl]: 设备访问成功null
  2017-12-20 13:04:34 INFO [com.xiangshangban.organization.service.EmployeeServiceImpl]: 设备访问成功null
  2017-12-20 13:04:36 INFO [com.xiangshangban.organization.service.EmployeeServiceImpl]: 设备访问成功null
  2017-12-20 13:04:38 INFO [com.xiangshangban.organization.service.EmployeeServiceImpl]: 设备访问成功null
  2017-12-20 13:04:40 INFO [com.xiangshangban.organization.service.EmployeeServiceImpl]: 设备访问成功null
  2017-12-20 13:04:43 INFO [com.xiangshangban.organization.service.EmployeeServiceImpl]: 设备访问成功null
  2017-12-20 13:04:45 INFO [com.xiangshangban.organization.service.EmployeeServiceImpl]: 设备访问成功null
  2017-12-20 13:04:47 INFO [com.xiangshangban.organization.service.EmployeeServiceImpl]: 设备访问成功null
  2017-12-20 13:04:49 INFO [com.xiangshangban.organization.service.EmployeeServiceImpl]: 设备访问成功null
  2017-12-20 13:04:51 INFO [com.xiangshangban.organization.service.EmployeeServiceImpl]: 设备访问成功null
  2017-12-20 13:04:54 INFO [com.xiangshangban.organization.service.EmployeeServiceImpl]: 设备访问成功null
  2017-12-20 13:04:56 INFO [com.xiangshangban.organization.service.EmployeeServiceImpl]: 设备访问成功null
  2017-12-20 13:04:58 INFO [com.xiangshangban.organization.service.EmployeeServiceImpl]: 设备访问成功null
  2017-12-20 13:05:00 INFO [com.xiangshangban.organization.service.EmployeeServiceImpl]: 设备访问成功null
  2017-12-20 13:05:02 INFO [com.xiangshangban.organization.service.EmployeeServiceImpl]: 设备访问成功null
  2017-12-20 13:05:05 INFO [com.xiangshangban.organization.service.EmployeeServiceImpl]: 设备访问成功null
  2017-12-20 13:05:07 INFO [com.xiangshangban.organization.service.EmployeeServiceImpl]: 设备访问成功null
  2017-12-20 13:05:09 INFO [com.xiangshangban.organization.service.EmployeeServiceImpl]: 设备访问成功null
  2017-12-20 13:05:11 INFO [com.xiangshangban.organization.service.EmployeeServiceImpl]: 设备访问成功null
  2017-12-20 13:05:13 INFO [com.xiangshangban.organization.service.EmployeeServiceImpl]: 设备访问成功null
  2017-12-20 13:05:15 INFO [com.xiangshangban.organization.service.EmployeeServiceImpl]: 设备访问成功null
  2017-12-20 13:05:18 INFO [com.xiangshangban.organization.service.EmployeeServiceImpl]: 设备访问成功null
  2017-12-20 13:05:20 INFO [com.xiangshangban.organization.service.EmployeeServiceImpl]: 设备访问成功null
  2017-12-20 13:05:22 INFO [com.xiangshangban.organization.service.EmployeeServiceImpl]: 设备访问成功null
  2017-12-20 13:05:24 INFO [com.xiangshangban.organization.service.EmployeeServiceImpl]: 设备访问成功null
  2017-12-20 13:05:27 INFO [com.xiangshangban.organization.service.EmployeeServiceImpl]: 设备访问成功null
  2017-12-20 13:05:29 INFO [com.xiangshangban.organization.service.EmployeeServiceImpl]: 设备访问成功null
  2017-12-20 13:05:31 INFO [com.xiangshangban.organization.service.EmployeeServiceImpl]: 设备访问成功null
  2017-12-20 13:05:33 INFO [com.xiangshangban.organization.service.EmployeeServiceImpl]: 设备访问成功null
  2017-12-20 13:05:35 INFO [com.xiangshangban.organization.service.EmployeeServiceImpl]: 设备访问成功null
  2017-12-20 13:05:37 INFO [com.xiangshangban.organization.service.EmployeeServiceImpl]: 设备访问成功null
  2017-12-20 13:05:40 INFO [com.xiangshangban.organization.service.EmployeeServiceImpl]: 设备访问成功null
  2017-12-20 13:05:42 INFO [com.xiangshangban.organization.service.EmployeeServiceImpl]: 设备访问成功null
  2017-12-20 13:05:44 INFO [com.xiangshangban.organization.service.EmployeeServiceImpl]: 设备访问成功null
  2017-12-20 13:05:46 INFO [com.xiangshangban.organization.service.EmployeeServiceImpl]: 设备访问成功null
  2017-12-20 13:05:48 INFO [com.xiangshangban.organization.service.EmployeeServiceImpl]: 设备访问成功null
  2017-12-20 13:05:51 INFO [com.xiangshangban.organization.service.EmployeeServiceImpl]: 设备访问成功null
  2017-12-20 13:05:53 INFO [com.xiangshangban.organization.service.EmployeeServiceImpl]: 设备访问成功null
  2017-12-20 13:05:55 INFO [com.xiangshangban.organization.service.EmployeeServiceImpl]: 设备访问成功null
  2017-12-20 13:05:57 INFO [com.xiangshangban.organization.service.EmployeeServiceImpl]: 设备访问成功null
  2017-12-20 13:05:59 INFO [com.xiangshangban.organization.service.EmployeeServiceImpl]: 设备访问成功null
  2017-12-20 13:06:02 INFO [com.xiangshangban.organization.service.EmployeeServiceImpl]: 设备访问成功null
  2017-12-20 13:06:04 INFO [com.xiangshangban.organization.service.EmployeeServiceImpl]: 设备访问成功null
  2017-12-20 13:06:06 INFO [com.xiangshangban.organization.service.EmployeeServiceImpl]: 设备访问成功null
  2017-12-20 13:06:08 INFO [com.xiangshangban.organization.service.EmployeeServiceImpl]: 设备访问成功null
  2017-12-20 13:06:10 INFO [com.xiangshangban.organization.service.EmployeeServiceImpl]: 设备访问成功null
  2017-12-20 13:06:12 INFO [com.xiangshangban.organization.service.EmployeeServiceImpl]: 设备访问成功null
  2017-12-20 13:06:14 INFO [com.xiangshangban.organization.service.EmployeeServiceImpl]: 设备访问成功null
  2017-12-20 13:06:17 INFO [com.xiangshangban.organization.service.EmployeeServiceImpl]: 设备访问成功null
  2017-12-20 13:06:19 INFO [com.xiangshangban.organization.service.EmployeeServiceImpl]: 设备访问成功null
  2017-12-20 13:06:21 INFO [com.xiangshangban.organization.service.EmployeeServiceImpl]: 设备访问成功null
  2017-12-20 13:06:23 INFO [com.xiangshangban.organization.service.EmployeeServiceImpl]: 设备访问成功null
  2017-12-20 13:06:26 INFO [com.xiangshangban.organization.service.EmployeeServiceImpl]: 设备访问成功null
  2017-12-20 13:06:28 INFO [com.xiangshangban.organization.service.EmployeeServiceImpl]: 设备访问成功null
  2017-12-20 13:06:30 INFO [com.xiangshangban.organization.service.EmployeeServiceImpl]: 设备访问成功null
  2017-12-20 13:06:32 INFO [com.xiangshangban.organization.service.EmployeeServiceImpl]: 设备访问成功null
  2017-12-20 13:06:34 INFO [com.xiangshangban.organization.service.EmployeeServiceImpl]: 设备访问成功null
  2017-12-20 13:06:37 INFO [com.xiangshangban.organization.service.EmployeeServiceImpl]: 设备访问成功null
  2017-12-20 13:06:39 INFO [com.xiangshangban.organization.service.EmployeeServiceImpl]: 设备访问成功null
  2017-12-20 13:06:41 INFO [com.xiangshangban.organization.service.EmployeeServiceImpl]: 设备访问成功null
  2017-12-20 13:06:43 INFO [com.xiangshangban.organization.service.EmployeeServiceImpl]: 设备访问成功null
  2017-12-20 13:06:45 INFO [com.xiangshangban.organization.service.EmployeeServiceImpl]: 设备访问成功null
  2017-12-20 13:06:48 INFO [com.xiangshangban.organization.service.EmployeeServiceImpl]: 设备访问成功null
  2017-12-20 13:06:50 INFO [com.xiangshangban.organization.service.EmployeeServiceImpl]: 设备访问成功null
  2017-12-20 13:06:52 INFO [com.xiangshangban.organization.service.EmployeeServiceImpl]: 设备访问成功null
  2017-12-20 13:06:54 INFO [com.xiangshangban.organization.service.EmployeeServiceImpl]: 设备访问成功null
  2017-12-20 14:14:26 INFO [com.xiangshangban.organization.OrganizationApplication]: 启动成功
  2017-12-20 14:18:48 INFO [com.xiangshangban.organization.controller.EmployeeController]: org.springframework.jdbc.BadSqlGrammarException: 
### Error querying database.  Cause: org.postgresql.util.PSQLException: ERROR: column reference "department_id" is ambiguous
  位置：8
### The error may exist in file [C:\Users\cachee\Desktop\Organization\Organization\target\classes\com\xiangshangban\organization\mapper\DepartmentMapper.xml]
### The error may involve com.xiangshangban.organization.dao.DepartmentDao.selectDepartmentAndPostByCompanyId-Inline
### The error occurred while setting parameters
### SQL: select department_id,department_name,p.post_id,p.post_name    from department_ d,post_ p    where     d.company_id = ? and p.company_id = ? and p.department_id =d.department_id
### Cause: org.postgresql.util.PSQLException: ERROR: column reference "department_id" is ambiguous
  位置：8
; bad SQL grammar []; nested exception is org.postgresql.util.PSQLException: ERROR: column reference "department_id" is ambiguous
  位置：8
  2017-12-20 14:19:38 INFO [com.xiangshangban.organization.OrganizationApplication]: 启动成功
  2017-12-20 17:53:25 INFO [com.xiangshangban.organization.OrganizationApplication]: 启动成功
  2017-12-20 19:06:28 INFO [com.xiangshangban.organization.OrganizationApplication]: 启动成功
  2017-12-20 19:15:23 INFO [com.xiangshangban.organization.OrganizationApplication]: 启动成功
  2017-12-20 19:18:48 INFO [com.xiangshangban.organization.OrganizationApplication]: 启动成功
  2017-12-20 19:26:06 INFO [com.xiangshangban.organization.OrganizationApplication]: 启动成功
  2017-12-20 19:30:50 INFO [com.xiangshangban.organization.OrganizationApplication]: 启动成功
  2017-12-20 19:36:08 INFO [com.xiangshangban.organization.OrganizationApplication]: 启动成功
  2017-12-20 19:36:33 INFO [com.xiangshangban.organization.controller.EmployeeController]: java.lang.IllegalStateException
  2017-12-20 19:56:36 INFO [com.xiangshangban.organization.OrganizationApplication]: 启动成功
  2017-12-20 19:58:51 INFO [com.xiangshangban.organization.OrganizationApplication]: 启动成功
  2017-12-20 20:03:44 INFO [com.xiangshangban.organization.OrganizationApplication]: 启动成功
  2017-12-20 20:10:54 INFO [com.xiangshangban.organization.OrganizationApplication]: 启动成功
  2017-12-20 20:13:27 INFO [com.xiangshangban.organization.OrganizationApplication]: 启动成功
  2017-12-20 20:17:03 INFO [com.xiangshangban.organization.service.EmployeeServiceImpl]: 设备访问成功null
  2017-12-20 20:17:05 INFO [com.xiangshangban.organization.service.EmployeeServiceImpl]: 设备访问成功null
  2017-12-20 20:17:07 INFO [com.xiangshangban.organization.service.EmployeeServiceImpl]: 设备访问成功null
  2017-12-20 20:22:59 INFO [com.xiangshangban.organization.OrganizationApplication]: 启动成功
  2017-12-20 20:23:18 INFO [com.xiangshangban.organization.controller.EmployeeController]: java.lang.NullPointerException
  2017-12-20 20:25:58 INFO [com.xiangshangban.organization.OrganizationApplication]: 启动成功
  2017-12-20 20:27:11 INFO [com.xiangshangban.organization.controller.EmployeeController]: java.lang.NullPointerException
  2017-12-20 20:28:07 INFO [com.xiangshangban.organization.controller.EmployeeController]: java.lang.NullPointerException
  2017-12-20 20:28:56 INFO [com.xiangshangban.organization.OrganizationApplication]: 启动成功
  2017-12-20 20:29:13 INFO [com.xiangshangban.organization.controller.EmployeeController]: java.lang.NullPointerException
  2017-12-20 20:29:43 INFO [com.xiangshangban.organization.controller.EmployeeController]: java.lang.NullPointerException
  2017-12-20 20:30:12 INFO [com.xiangshangban.organization.controller.EmployeeController]: java.lang.NullPointerException
  2017-12-20 20:31:30 INFO [com.xiangshangban.organization.OrganizationApplication]: 启动成功
  2017-12-20 20:31:52 INFO [com.xiangshangban.organization.service.EmployeeServiceImpl]: 设备访问成功null
  2017-12-20 20:31:54 INFO [com.xiangshangban.organization.service.EmployeeServiceImpl]: 设备访问成功null
  2017-12-20 20:31:57 INFO [com.xiangshangban.organization.service.EmployeeServiceImpl]: 设备访问成功null
  2017-12-20 20:32:00 INFO [com.xiangshangban.organization.service.EmployeeServiceImpl]: 设备访问成功null
  2017-12-20 20:32:02 INFO [com.xiangshangban.organization.service.EmployeeServiceImpl]: 设备访问成功null
  2017-12-20 20:32:05 INFO [com.xiangshangban.organization.service.EmployeeServiceImpl]: 设备访问成功null
  2017-12-20 20:32:07 INFO [com.xiangshangban.organization.service.EmployeeServiceImpl]: 设备访问成功null
  2017-12-20 20:32:09 INFO [com.xiangshangban.organization.service.EmployeeServiceImpl]: 设备访问成功null
  2017-12-20 20:32:12 INFO [com.xiangshangban.organization.service.EmployeeServiceImpl]: 设备访问成功null
  2017-12-20 20:34:00 INFO [com.xiangshangban.organization.OrganizationApplication]: 启动成功
  2017-12-20 20:34:15 INFO [com.xiangshangban.organization.service.EmployeeServiceImpl]: 设备访问成功null
  2017-12-20 20:43:47 INFO [com.xiangshangban.organization.OrganizationApplication]: 启动成功
  