2018-01-03 19:06:40 INFO [com.xiangshangban.organization.controller.CompanyController]: org.springframework.dao.DataAccessResourceFailureException: 
### Error querying database.  Cause: org.postgresql.util.PSQLException: An I/O error occurred while sending to the backend.
### The error may exist in file [E:\WORK\xiangshangban2.4\organization\Organization\target\classes\com\xiangshangban\organization\mapper\CompanyMapper.xml]
### The error may involve com.xiangshangban.organization.dao.CompanyDao.selectByCompany-Inline
### The error occurred while setting parameters
### SQL: select       company_id, company_name,company_abbreviation_name,company_phone,company_personal_name,industry_type,      company_no,company_area,company_personal_name,user_name,company_logo,company_code     from organization.company_     where      company_id = ?
### Cause: org.postgresql.util.PSQLException: An I/O error occurred while sending to the backend.
; SQL []; An I/O error occurred while sending to the backend.; nested exception is org.postgresql.util.PSQLException: An I/O error occurred while sending to the backend.
  2018-01-03 19:07:15 INFO [com.xiangshangban.organization.controller.CompanyController]: org.springframework.dao.DataAccessResourceFailureException: 
### Error querying database.  Cause: org.postgresql.util.PSQLException: This connection has been closed.
### The error may exist in file [E:\WORK\xiangshangban2.4\organization\Organization\target\classes\com\xiangshangban\organization\mapper\CompanyMapper.xml]
### The error may involve com.xiangshangban.organization.dao.CompanyDao.selectByCompany
### The error occurred while executing a query
### Cause: org.postgresql.util.PSQLException: This connection has been closed.
; SQL []; This connection has been closed.; nested exception is org.postgresql.util.PSQLException: This connection has been closed.
  2018-01-03 19:07:57 INFO [com.xiangshangban.organization.controller.CompanyController]: org.springframework.dao.DataAccessResourceFailureException: 
### Error querying database.  Cause: org.postgresql.util.PSQLException: This connection has been closed.
### The error may exist in file [E:\WORK\xiangshangban2.4\organization\Organization\target\classes\com\xiangshangban\organization\mapper\CompanyMapper.xml]
### The error may involve com.xiangshangban.organization.dao.CompanyDao.selectByCompany
### The error occurred while executing a query
### Cause: org.postgresql.util.PSQLException: This connection has been closed.
; SQL []; This connection has been closed.; nested exception is org.postgresql.util.PSQLException: This connection has been closed.
  2018-01-03 19:08:10 INFO [com.xiangshangban.organization.controller.CompanyController]: org.springframework.dao.DataAccessResourceFailureException: 
### Error querying database.  Cause: org.postgresql.util.PSQLException: This connection has been closed.
### The error may exist in file [E:\WORK\xiangshangban2.4\organization\Organization\target\classes\com\xiangshangban\organization\mapper\CompanyMapper.xml]
### The error may involve com.xiangshangban.organization.dao.CompanyDao.selectByCompany
### The error occurred while executing a query
### Cause: org.postgresql.util.PSQLException: This connection has been closed.
; SQL []; This connection has been closed.; nested exception is org.postgresql.util.PSQLException: This connection has been closed.
  2018-01-03 19:08:22 INFO [com.xiangshangban.organization.controller.CompanyController]: org.springframework.dao.DataAccessResourceFailureException: 
### Error querying database.  Cause: org.postgresql.util.PSQLException: This connection has been closed.
### The error may exist in file [E:\WORK\xiangshangban2.4\organization\Organization\target\classes\com\xiangshangban\organization\mapper\CompanyMapper.xml]
### The error may involve com.xiangshangban.organization.dao.CompanyDao.selectByCompany
### The error occurred while executing a query
### Cause: org.postgresql.util.PSQLException: This connection has been closed.
; SQL []; This connection has been closed.; nested exception is org.postgresql.util.PSQLException: This connection has been closed.
  2018-01-03 19:09:01 INFO [com.xiangshangban.organization.controller.CompanyController]: org.springframework.dao.DataAccessResourceFailureException: 
### Error querying database.  Cause: org.postgresql.util.PSQLException: This connection has been closed.
### The error may exist in file [E:\WORK\xiangshangban2.4\organization\Organization\target\classes\com\xiangshangban\organization\mapper\CompanyMapper.xml]
### The error may involve com.xiangshangban.organization.dao.CompanyDao.selectByCompany
### The error occurred while executing a query
### Cause: org.postgresql.util.PSQLException: This connection has been closed.
; SQL []; This connection has been closed.; nested exception is org.postgresql.util.PSQLException: This connection has been closed.
  2018-01-03 19:10:00 INFO [com.xiangshangban.organization.OrganizationApplication]: 启动成功
  