2017-12-07 14:51:39 INFO [com.xiangshangban.organization.OrganizationApplication]: 启动成功
  2017-12-07 19:55:41 INFO [com.xiangshangban.organization.OrganizationApplication]: 启动成功
  2017-12-07 20:10:58 INFO [com.xiangshangban.organization.OrganizationApplication]: 启动成功
  2017-12-07 21:00:09 INFO [com.xiangshangban.organization.OrganizationApplication]: 启动成功
  2017-12-08 01:34:51 INFO [com.xiangshangban.organization.OrganizationApplication]: 启动成功
  2017-12-08 01:39:09 INFO [com.xiangshangban.organization.controller.EmployeeController]: java.lang.IndexOutOfBoundsException: Index: 0, Size: 0
  2017-12-08 01:39:50 INFO [com.xiangshangban.organization.controller.EmployeeController]: java.lang.IndexOutOfBoundsException: Index: 0, Size: 0
  2017-12-08 01:40:18 INFO [com.xiangshangban.organization.OrganizationApplication]: 启动成功
  2017-12-08 01:41:00 INFO [com.xiangshangban.organization.controller.EmployeeController]: java.lang.IndexOutOfBoundsException: Index: 0, Size: 0
  2017-12-08 01:42:13 INFO [com.xiangshangban.organization.controller.EmployeeController]: java.lang.IndexOutOfBoundsException: Index: 0, Size: 0
  2017-12-08 01:45:05 INFO [com.xiangshangban.organization.controller.EmployeeController]: java.lang.IndexOutOfBoundsException: Index: 0, Size: 0
  2017-12-08 01:46:21 INFO [com.xiangshangban.organization.OrganizationApplication]: 启动成功
  2017-12-08 01:53:51 INFO [com.xiangshangban.organization.service.EmployeeServiceImpl]: 设备访问成功
  2017-12-08 01:56:53 INFO [com.xiangshangban.organization.OrganizationApplication]: 启动成功
  2017-12-08 02:02:30 INFO [com.xiangshangban.organization.OrganizationApplication]: 启动成功
  2017-12-08 02:03:20 INFO [com.xiangshangban.organization.service.EmployeeServiceImpl]: 设备访问成功
  2017-12-08 02:08:35 INFO [com.xiangshangban.organization.OrganizationApplication]: 启动成功
  2017-12-08 02:10:10 INFO [com.xiangshangban.organization.service.EmployeeServiceImpl]: 设备访问成功
  2017-12-08 02:41:09 INFO [com.xiangshangban.organization.service.EmployeeSpeedServiceImpl]: com.aliyun.oss.OSSException: The specified key does not exist.
[ErrorCode]: NoSuchKey
[RequestId]: 5A298A775CC26B30E8BE91F6
[HostId]: xiangshangban.oss-cn-hangzhou.aliyuncs.com
[ResponseError]:
<?xml version="1.0" encoding="UTF-8"?>
<Error>
  <Code>NoSuchKey</Code>
  <Message>The specified key does not exist.</Message>
  <RequestId>5A298A775CC26B30E8BE91F6</RequestId>
  <HostId>xiangshangban.oss-cn-hangzhou.aliyuncs.com</HostId>
  <Key>prod/data/20171130wjzd001/EmployeeExcel/640553AB91B349E287F2B72E195E73A9.xlsx</Key>
</Error>

  2017-12-08 02:42:22 INFO [com.xiangshangban.organization.controller.EmployeeController]: org.springframework.dao.DataIntegrityViolationException: 
### Error updating database.  Cause: org.postgresql.util.PSQLException: ERROR: value too long for type character varying(13)
### The error may involve com.xiangshangban.organization.dao.EmployeeDao.insertEmployee-Inline
### The error occurred while setting parameters
### SQL: insert into   organization.employee_ (   employee_id,   employee_name,   employee_sex,   login_name,   employee_phone,   employee_twophone,   employee_no,   direct_person_id,   entry_time,   probationary_expired,   department_id,   company_id,   work_address,   marriage_status,   seniority   )   values (   ?,   ?,   ?,   ?,   ?,   ?,   ?,   ?,   ?,   ?,   ?,   ?,   ?,   ?,   ?   )
### Cause: org.postgresql.util.PSQLException: ERROR: value too long for type character varying(13)
; SQL []; ERROR: value too long for type character varying(13); nested exception is org.postgresql.util.PSQLException: ERROR: value too long for type character varying(13)
  2017-12-08 02:47:04 INFO [com.xiangshangban.organization.service.EmployeeServiceImpl]: 设备访问成功null
  