2017-12-27 10:15:56 INFO [com.xiangshangban.organization.OrganizationApplication]: 启动成功
  2017-12-27 10:22:51 INFO [com.xiangshangban.organization.OrganizationApplication]: 启动成功
  2017-12-27 11:08:10 INFO [com.xiangshangban.organization.OrganizationApplication]: 启动成功
  2017-12-27 13:51:20 INFO [com.xiangshangban.organization.OrganizationApplication]: 启动成功
  2017-12-27 15:00:38 INFO [com.xiangshangban.organization.OrganizationApplication]: 启动成功
  2017-12-27 15:04:05 INFO [com.xiangshangban.organization.OrganizationApplication]: 启动成功
  2017-12-27 15:32:06 INFO [com.xiangshangban.organization.OrganizationApplication]: 启动成功
  2017-12-27 16:32:11 INFO [com.xiangshangban.organization.OrganizationApplication]: 启动成功
  2017-12-27 17:00:29 INFO [com.xiangshangban.organization.controller.EmployeeController]: java.lang.IndexOutOfBoundsException: Index: 0, Size: 0
  2017-12-27 17:10:02 INFO [com.xiangshangban.organization.controller.EmployeeController]: java.lang.IndexOutOfBoundsException: Index: 0, Size: 0
  2017-12-27 17:10:30 INFO [com.xiangshangban.organization.OrganizationApplication]: 启动成功
  2017-12-27 17:11:09 INFO [com.xiangshangban.organization.service.EmployeeServiceImpl]: 设备访问成功null
  2017-12-27 20:08:20 INFO [com.xiangshangban.organization.OrganizationApplication]: 启动成功
  2017-12-27 20:10:46 INFO [com.xiangshangban.organization.service.EmployeeServiceImpl]: 设备访问成功null
  2017-12-27 20:12:10 INFO [com.xiangshangban.organization.service.EmployeeServiceImpl]: 设备访问成功null
  2017-12-27 20:12:12 INFO [com.xiangshangban.organization.service.EmployeeServiceImpl]: 设备访问成功null
  2017-12-27 20:12:14 INFO [com.xiangshangban.organization.service.EmployeeServiceImpl]: 设备访问成功null
  2017-12-27 20:12:16 INFO [com.xiangshangban.organization.service.EmployeeServiceImpl]: 设备访问成功null
  2017-12-27 20:12:19 INFO [com.xiangshangban.organization.service.EmployeeServiceImpl]: 设备访问成功null
  2017-12-27 20:12:21 INFO [com.xiangshangban.organization.service.EmployeeServiceImpl]: 设备访问成功null
  2017-12-27 20:12:23 INFO [com.xiangshangban.organization.service.EmployeeServiceImpl]: 设备访问成功null
  2017-12-27 20:12:25 INFO [com.xiangshangban.organization.service.EmployeeServiceImpl]: 设备访问成功null
  2017-12-27 20:12:28 INFO [com.xiangshangban.organization.service.EmployeeServiceImpl]: 设备访问成功null
  2017-12-27 20:12:30 INFO [com.xiangshangban.organization.service.EmployeeServiceImpl]: 设备访问成功null
  2017-12-27 20:12:32 INFO [com.xiangshangban.organization.service.EmployeeServiceImpl]: 设备访问成功null
  2017-12-27 20:12:34 INFO [com.xiangshangban.organization.service.EmployeeServiceImpl]: 设备访问成功null
  2017-12-27 20:12:36 INFO [com.xiangshangban.organization.service.EmployeeServiceImpl]: 设备访问成功null
  2017-12-27 20:12:39 INFO [com.xiangshangban.organization.service.EmployeeServiceImpl]: 设备访问成功null
  2017-12-27 20:12:41 INFO [com.xiangshangban.organization.service.EmployeeServiceImpl]: 设备访问成功null
  2017-12-27 20:12:41 INFO [com.xiangshangban.organization.controller.EmployeeController]: java.lang.NullPointerException
  2017-12-27 20:15:22 INFO [com.xiangshangban.organization.OrganizationApplication]: 启动成功
  2017-12-27 20:16:25 INFO [com.xiangshangban.organization.service.EmployeeServiceImpl]: 设备访问成功null
  2017-12-27 20:16:27 INFO [com.xiangshangban.organization.service.EmployeeServiceImpl]: 设备访问成功null
  2017-12-27 20:16:29 INFO [com.xiangshangban.organization.service.EmployeeServiceImpl]: 设备访问成功null
  2017-12-27 20:16:31 INFO [com.xiangshangban.organization.service.EmployeeServiceImpl]: 设备访问成功null
  2017-12-27 20:16:34 INFO [com.xiangshangban.organization.service.EmployeeServiceImpl]: 设备访问成功null
  2017-12-27 20:16:36 INFO [com.xiangshangban.organization.service.EmployeeServiceImpl]: 设备访问成功null
  2017-12-27 20:16:39 INFO [com.xiangshangban.organization.service.EmployeeServiceImpl]: 设备访问成功null
  2017-12-27 20:16:41 INFO [com.xiangshangban.organization.service.EmployeeServiceImpl]: 设备访问成功null
  2017-12-27 20:16:43 INFO [com.xiangshangban.organization.service.EmployeeServiceImpl]: 设备访问成功null
  2017-12-27 20:16:45 INFO [com.xiangshangban.organization.service.EmployeeServiceImpl]: 设备访问成功null
  2017-12-27 20:16:48 INFO [com.xiangshangban.organization.service.EmployeeServiceImpl]: 设备访问成功null
  2017-12-27 20:16:50 INFO [com.xiangshangban.organization.service.EmployeeServiceImpl]: 设备访问成功null
  2017-12-27 20:16:52 INFO [com.xiangshangban.organization.service.EmployeeServiceImpl]: 设备访问成功null
  2017-12-27 20:16:55 INFO [com.xiangshangban.organization.service.EmployeeServiceImpl]: 设备访问成功null
  2017-12-27 20:16:57 INFO [com.xiangshangban.organization.service.EmployeeServiceImpl]: 设备访问成功null
  2017-12-27 20:16:59 INFO [com.xiangshangban.organization.service.EmployeeServiceImpl]: 设备访问成功null

  